<?xml version="1.0" encoding="UTF-8"?>
<!-- Generated by org.testng.reporters.JUnitReportReporter -->
<testsuite skipped="0" hostname="OSIT-L-0189" name="GmailRegistration" tests="1" failures="0" timestamp="08 Nov 2018 09:53:59 GMT" time="5.958" errors="0">
  <testcase name="gmailAccountRegistrationHomePage" time="5.958" classname="GmailRegistration"/>
</testsuite> <!-- GmailRegistration -->
